nohup: ignoring input
2026/02/27 03:56:45 Applied schema.sql successfully.
2026/02/27 03:56:45 PostgreSQL connected successfully.
2026/02/27 03:56:45 Starting background async ingestion workers...
[GIN-debug] [WARNING] Creating an Engine instance with the Logger and Recovery middleware already attached.

[GIN-debug] [WARNING] Running in "debug" mode. Switch to "release" mode in production.
 - using env:	export GIN_MODE=release
 - using code:	gin.SetMode(gin.ReleaseMode)

[GIN-debug] GET    /api/v1/health            --> main.main.func1 (3 handlers)
[GIN-debug] GET    /api/v1/recommendation    --> main.handleRecommendation (3 handlers)
[GIN-debug] POST   /api/v1/chat              --> main.handleChat (3 handlers)
[GIN-debug] POST   /api/v1/webhook/whatsapp  --> main.handleWhatsAppWebhook (3 handlers)
2026/02/27 03:56:45 🚀 AgriChain API listening on 0.0.0.0:8080
[GIN-debug] [WARNING] You trusted all proxies, this is NOT safe. We recommend you to set a value.
Please check https://github.com/gin-gonic/gin/blob/master/docs/doc.md#dont-trust-all-proxies for details.
[GIN-debug] Listening and serving HTTP on 0.0.0.0:8080
2026/02/27 03:56:45 [worker] Fetching data.gov.in live prices...
2026/02/27 03:56:45 [worker] Fetching Open-Meteo weather updates...
2026/02/27 03:56:50 ⚠ Open-Meteo API failed – using fallback weather data
2026/02/27 03:56:55 [worker] Failed to fetch live prices for Tomato: data.gov.in request failed: Get "https://api.data.gov.in/resource/9ef84268-d588-465a-a308-a864a43d0070?api-key=579b464db66ec23bdd0000011380f4db44c14e7676f2d1587ed61b2c&format=json&filters[commodity]=Tomato&sort[arrival_date]=desc&limit=10": context deadline exceeded (Client.Timeout exceeded while awaiting headers)
2026/02/27 03:57:01 [worker] Failed to fetch live prices for Wheat: data.gov.in returned status 502
2026/02/27 03:57:06 [worker] Failed to fetch live prices for Rice: data.gov.in returned status 502
2026/02/27 03:57:06 [worker] Completed mandi price ingestion cycle.
2026/02/27 03:57:29 📍 Using location: lat=21.1676, lon=79.0689
2026/02/27 03:57:29 ⚠ DB fetch weather failed: pq: column "location" does not exist at position 4:13 (42703)
2026/02/27 03:57:29 ⚠ DB fetch mandi prices failed: <nil>
2026/02/27 03:57:32 ⚠ DB fetch crop failed: sql: no rows in result set – using fallback
2026/02/27 03:57:32 📍 Using location: lat=21.1676, lon=79.0689
2026/02/27 03:57:32 ⚠ DB fetch weather failed: pq: column "location" does not exist at position 4:13 (42703)
2026/02/27 03:57:32 ⚠ DB fetch mandi prices failed: <nil>
[GIN] 2026/02/27 - 03:57:35 | 200 |  6.954095274s |       127.0.0.1 | GET      "/api/v1/recommendation?farmer_id=a1b2c3d4-e5f6-7890-abcd-ef1234567890&crop_id=c3d4e5f6-a7b8-9012-cdef-123456789012&lang=en&lat=21.167572&lon=79.068928"
[GIN] 2026/02/27 - 03:57:37 | 200 |  4.744650223s |       127.0.0.1 | GET      "/api/v1/recommendation?farmer_id=a1b2c3d4-e5f6-7890-abcd-ef1234567890&crop_id=d4e5f6a7-b890-12cd-ef12-345678901234&lang=en&lat=21.167572&lon=79.068928"
2026/02/27 03:57:49 📍 Using location: lat=21.1676, lon=79.0689
2026/02/27 03:57:49 ⚠ DB fetch weather failed: pq: column "location" does not exist at position 4:13 (42703)
2026/02/27 03:57:49 ⚠ DB fetch mandi prices failed: <nil>
2026/02/27 03:57:50 ⚠ DB fetch crop failed: sql: no rows in result set – using fallback
2026/02/27 03:57:50 📍 Using location: lat=21.1676, lon=79.0689
2026/02/27 03:57:50 ⚠ DB fetch weather failed: pq: column "location" does not exist at position 4:13 (42703)
2026/02/27 03:57:50 ⚠ DB fetch mandi prices failed: <nil>
[GIN] 2026/02/27 - 03:57:54 | 200 |  4.560688379s |       127.0.0.1 | GET      "/api/v1/recommendation?farmer_id=a1b2c3d4-e5f6-7890-abcd-ef1234567890&crop_id=c3d4e5f6-a7b8-9012-cdef-123456789012&lang=en&lat=21.167572&lon=79.068928"
[GIN] 2026/02/27 - 03:57:54 | 200 |  3.679688857s |       127.0.0.1 | GET      "/api/v1/recommendation?farmer_id=a1b2c3d4-e5f6-7890-abcd-ef1234567890&crop_id=d4e5f6a7-b890-12cd-ef12-345678901234&lang=en&lat=21.167572&lon=79.068928"
2026/02/27 03:59:07 ⚠ DB fetch crop failed: sql: no rows in result set – using fallback
2026/02/27 03:59:07 📍 Using location: lat=21.1676, lon=79.0689
2026/02/27 03:59:07 ⚠ DB fetch weather failed: pq: column "location" does not exist at position 4:13 (42703)
2026/02/27 03:59:07 ⚠ DB fetch mandi prices failed: <nil>
[GIN] 2026/02/27 - 03:59:14 | 200 |  7.709591723s |       127.0.0.1 | GET      "/api/v1/recommendation?farmer_id=a1b2c3d4-e5f6-7890-abcd-ef1234567890&crop_id=e5f6a7b8-9012-cdef-1234-567890123456&lang=en&lat=21.167572&lon=79.068928"
2026/02/27 03:59:22 📍 Using location: lat=21.1676, lon=79.0689
2026/02/27 03:59:22 ⚠ DB fetch mandi prices failed: <nil>
2026/02/27 03:59:22 ⚠ DB fetch weather failed: pq: column "location" does not exist at position 4:13 (42703)
[GIN] 2026/02/27 - 03:59:25 | 200 |  3.177859474s |       127.0.0.1 | GET      "/api/v1/recommendation?farmer_id=a1b2c3d4-e5f6-7890-abcd-ef1234567890&crop_id=c3d4e5f6-a7b8-9012-cdef-123456789012&lang=en&lat=21.167572&lon=79.068928"
2026/02/27 03:59:54 ⚠ DB fetch crop failed: sql: no rows in result set – using fallback
2026/02/27 03:59:54 📍 Using location: lat=21.1676, lon=79.0689
2026/02/27 03:59:54 ⚠ DB fetch weather failed: pq: column "location" does not exist at position 4:13 (42703)
2026/02/27 03:59:54 ⚠ DB fetch mandi prices failed: <nil>
2026/02/27 03:59:55 📍 Using location: lat=21.1676, lon=79.0689
2026/02/27 03:59:55 ⚠ DB fetch weather failed: pq: column "location" does not exist at position 4:13 (42703)
2026/02/27 03:59:55 ⚠ DB fetch mandi prices failed: <nil>
2026/02/27 03:59:56 ⚠ DB fetch crop failed: sql: no rows in result set – using fallback
2026/02/27 03:59:56 📍 Using location: lat=21.1676, lon=79.0689
2026/02/27 03:59:56 ⚠ DB fetch weather failed: pq: column "location" does not exist at position 4:13 (42703)
2026/02/27 03:59:56 ⚠ DB fetch mandi prices failed: <nil>
[GIN] 2026/02/27 - 04:00:00 | 200 |  6.272148078s |       127.0.0.1 | GET      "/api/v1/recommendation?farmer_id=a1b2c3d4-e5f6-7890-abcd-ef1234567890&crop_id=d4e5f6a7-b890-12cd-ef12-345678901234&lang=en&lat=21.167572&lon=79.068928"
[GIN] 2026/02/27 - 04:00:03 | 200 |  7.094154716s |       127.0.0.1 | GET      "/api/v1/recommendation?farmer_id=a1b2c3d4-e5f6-7890-abcd-ef1234567890&crop_id=d4e5f6a7-b890-12cd-ef12-345678901234&lang=en&lat=21.167572&lon=79.068928"
2026/02/27 04:00:03 ⚠ OSRM API failed – using haversine fallback
2026/02/27 04:00:03 ⚠ OSRM API failed – using haversine fallback
[GIN] 2026/02/27 - 04:00:03 | 200 |   8.22794633s |       127.0.0.1 | GET      "/api/v1/recommendation?farmer_id=a1b2c3d4-e5f6-7890-abcd-ef1234567890&crop_id=c3d4e5f6-a7b8-9012-cdef-123456789012&lang=en&lat=21.167572&lon=79.068928"
2026/02/27 04:00:06 ⚠ DB fetch crop failed: sql: no rows in result set – using fallback
2026/02/27 04:00:06 📍 Using location: lat=21.1676, lon=79.0689
2026/02/27 04:00:06 ⚠ DB fetch weather failed: pq: column "location" does not exist at position 4:13 (42703)
2026/02/27 04:00:06 ⚠ DB fetch mandi prices failed: <nil>
[GIN] 2026/02/27 - 04:00:12 | 200 |  5.678943852s |       127.0.0.1 | GET      "/api/v1/recommendation?farmer_id=a1b2c3d4-e5f6-7890-abcd-ef1234567890&crop_id=d8e9f0a1-2345-9012-4567-890123456789&lang=en&lat=21.167572&lon=79.068928"
